Change Component Comment : Designator=C28 Old Comment=0.1uF/50V New Comment=1uF/16V
Change Component Comment : Designator=C27 Old Comment=0.1uF/50V New Comment=4.7uF/25V
Change Component Comment : Designator=C29 Old Comment=0.1uF/50V New Comment=10nF/50V
Change Component Comment : Designator=C14 Old Comment=10uF/50V New Comment=10uF/100V
Change Component Description : Designator=C28 Old Description=C1591 New Description=C1592
Change Component Description : Designator=C27 Old Description=C1591 New Description=C69335
Change Component Description : Designator=C29 Old Description=C1591 New Description=C100042
Change Component Description : Designator=C14 Old Description=C43345 New Description=C2029
Change Component Description : Designator=R12 Old Description=C106231 New Description=C100044
Change Component Description : Designator=R29 Old Description=C106231 New Description=C100044
Change Component Description : Designator=R50 Old Description=C106231 New Description=C100044
Change Component Description : Designator=R70 Old Description=C106231 New Description=C100044
Change Component Description : Designator=R1 Old Description=C114877 New Description=C114669
Change Component Description : Designator=R22 Old Description=C114877 New Description=C114669
Change Component Description : Designator=R42 Old Description=C114877 New Description=C114669
Change Component Description : Designator=R63 Old Description=C114877 New Description=C114669
Change Component Description : Designator=R9 Old Description=C138003 New Description=C126359
Change Component Description : Designator=R10 Old Description=C138003 New Description=C126359
Change Component Description : Designator=R27 Old Description=C138003 New Description=C126359
Change Component Description : Designator=R28 Old Description=C138003 New Description=C126359
Change Component Description : Designator=R47 Old Description=C138003 New Description=C126359
Change Component Description : Designator=R49 Old Description=C138003 New Description=C126359
Change Component Description : Designator=R68 Old Description=C138003 New Description=C126359
Change Component Description : Designator=R69 Old Description=C138003 New Description=C126359
Change Component Description : Designator=R5 Old Description=C138026 New Description=C2930081
Change Component Description : Designator=R25 Old Description=C138026 New Description=C2930081
Change Component Description : Designator=R45 Old Description=C138026 New Description=C2930081
Change Component Description : Designator=R48 Old Description=C138026 New Description=C2930081
Change Component Description : Designator=R66 Old Description=C138026 New Description=C2930081
Change Component Description : Designator=R83 Old Description=C138026 New Description=C2930081
Change Component Description : Designator=R84 Old Description=C138026 New Description=C2930081
