Added Component: Designator=C66(PCBComponent_1)
Add component (AddParameter): Name = "Created By"; Value = "NourAldin"; VariantName = "[No Variations]"
Add component (AddParameter): Name = "DataSheet Link"; Value = "https://eu.mouser.com/datasheet/2/400/lcc_automotive_general_en-843974.pdf"; VariantName = "[No Variations]"
Add component (AddParameter): Name = "Mouser Link"; Value = "https://eu.mouser.com/ProductDetail/TDK/CGA1A2X7R1H331M030BA?qs=sGAEpiMZZMs0AnBnWHyRQL8L3bkL%252bvtyS9XpSB1mk7rVV5K8%252bbxEeg%3d%3d"; VariantName = "[No Variations]"
Added Component: Designator=C67(CAPLEAD_D6.3mm)
Add component (AddParameter): Name = "Category"; Value = "Polymer Capacitors"; VariantName = "[No Variations]"
Add component (AddParameter): Name = "ComponentLink1Description"; Value = "http://www.kemet.com/docfinder?Partnumber=A759EQ475M2AAAE160&src-supplier=Digikey"; VariantName = "[No Variations]"
Add component (AddParameter): Name = "ComponentLink1URL"; Value = "http://www.kemet.com/docfinder?Partnumber=A759EQ475M2AAAE160&src-supplier=Digikey"; VariantName = "[No Variations]"
Add component (AddParameter): Name = "ComponentLink2Description"; Value = "http://www.farnell.com/datasheets/2095614.pdf?src-supplier=Element14"; VariantName = "[No Variations]"
Add component (AddParameter): Name = "ComponentLink2URL"; Value = "http://www.farnell.com/datasheets/2095614.pdf?src-supplier=Element14"; VariantName = "[No Variations]"
Add component (AddParameter): Name = "Manufacturer"; Value = "KEMET"; VariantName = "[No Variations]"
Add component (AddParameter): Name = "Manufacturer Part Number"; Value = "A759EQ475M2AAAE160"; VariantName = "[No Variations]"
Add component (AddParameter): Name = "Pricing 1"; Value = "1=0.97, 10=0.73, 50=0.73, 100=0.546, 1000=0.384, 10000=0.326 (USD)"; VariantName = "[No Variations]"
Add component (AddParameter): Name = "RoHS"; Value = "Yes"; VariantName = "[No Variations]"
Add component (AddParameter): Name = "Stock 1"; Value = "17219"; VariantName = "[No Variations]"
Add component (AddParameter): Name = "Supplier 1"; Value = "Mouser"; VariantName = "[No Variations]"
Add component (AddParameter): Name = "Supplier Part Number 1"; Value = "80-A759EQ475M2AAE160"; VariantName = "[No Variations]"
Added Component: Designator=C68(PCBComponent_1)
Add component (AddParameter): Name = "Created By"; Value = "NourAldin"; VariantName = "[No Variations]"
Add component (AddParameter): Name = "DataSheet Link"; Value = "https://eu.mouser.com/datasheet/2/400/lcc_automotive_general_en-843974.pdf"; VariantName = "[No Variations]"
Add component (AddParameter): Name = "Mouser Link"; Value = "https://eu.mouser.com/ProductDetail/TDK/CGA1A2X7R1H331M030BA?qs=sGAEpiMZZMs0AnBnWHyRQL8L3bkL%252bvtyS9XpSB1mk7rVV5K8%252bbxEeg%3d%3d"; VariantName = "[No Variations]"
Added Component: Designator=C69(CAPLEAD_D6.3mm)
Add component (AddParameter): Name = "Category"; Value = "Polymer Capacitors"; VariantName = "[No Variations]"
Add component (AddParameter): Name = "ComponentLink1Description"; Value = "http://www.kemet.com/docfinder?Partnumber=A759EQ475M2AAAE160&src-supplier=Digikey"; VariantName = "[No Variations]"
Add component (AddParameter): Name = "ComponentLink1URL"; Value = "http://www.kemet.com/docfinder?Partnumber=A759EQ475M2AAAE160&src-supplier=Digikey"; VariantName = "[No Variations]"
Add component (AddParameter): Name = "ComponentLink2Description"; Value = "http://www.farnell.com/datasheets/2095614.pdf?src-supplier=Element14"; VariantName = "[No Variations]"
Add component (AddParameter): Name = "ComponentLink2URL"; Value = "http://www.farnell.com/datasheets/2095614.pdf?src-supplier=Element14"; VariantName = "[No Variations]"
Add component (AddParameter): Name = "Manufacturer"; Value = "KEMET"; VariantName = "[No Variations]"
Add component (AddParameter): Name = "Manufacturer Part Number"; Value = "A759EQ475M2AAAE160"; VariantName = "[No Variations]"
Add component (AddParameter): Name = "Pricing 1"; Value = "1=0.97, 10=0.73, 50=0.73, 100=0.546, 1000=0.384, 10000=0.326 (USD)"; VariantName = "[No Variations]"
Add component (AddParameter): Name = "RoHS"; Value = "Yes"; VariantName = "[No Variations]"
Add component (AddParameter): Name = "Stock 1"; Value = "17219"; VariantName = "[No Variations]"
Add component (AddParameter): Name = "Supplier 1"; Value = "Mouser"; VariantName = "[No Variations]"
Add component (AddParameter): Name = "Supplier Part Number 1"; Value = "80-A759EQ475M2AAE160"; VariantName = "[No Variations]"
Added Component: Designator=C70(PCBComponent_1)
Add component (AddParameter): Name = "Created By"; Value = "NourAldin"; VariantName = "[No Variations]"
Add component (AddParameter): Name = "DataSheet Link"; Value = "https://eu.mouser.com/datasheet/2/400/lcc_automotive_general_en-843974.pdf"; VariantName = "[No Variations]"
Add component (AddParameter): Name = "Mouser Link"; Value = "https://eu.mouser.com/ProductDetail/TDK/CGA1A2X7R1H331M030BA?qs=sGAEpiMZZMs0AnBnWHyRQL8L3bkL%252bvtyS9XpSB1mk7rVV5K8%252bbxEeg%3d%3d"; VariantName = "[No Variations]"
Added Component: Designator=C71(CAPLEAD_D6.3mm)
Add component (AddParameter): Name = "Category"; Value = "Polymer Capacitors"; VariantName = "[No Variations]"
Add component (AddParameter): Name = "ComponentLink1Description"; Value = "http://www.kemet.com/docfinder?Partnumber=A759EQ475M2AAAE160&src-supplier=Digikey"; VariantName = "[No Variations]"
Add component (AddParameter): Name = "ComponentLink1URL"; Value = "http://www.kemet.com/docfinder?Partnumber=A759EQ475M2AAAE160&src-supplier=Digikey"; VariantName = "[No Variations]"
Add component (AddParameter): Name = "ComponentLink2Description"; Value = "http://www.farnell.com/datasheets/2095614.pdf?src-supplier=Element14"; VariantName = "[No Variations]"
Add component (AddParameter): Name = "ComponentLink2URL"; Value = "http://www.farnell.com/datasheets/2095614.pdf?src-supplier=Element14"; VariantName = "[No Variations]"
Add component (AddParameter): Name = "Manufacturer"; Value = "KEMET"; VariantName = "[No Variations]"
Add component (AddParameter): Name = "Manufacturer Part Number"; Value = "A759EQ475M2AAAE160"; VariantName = "[No Variations]"
Add component (AddParameter): Name = "Pricing 1"; Value = "1=0.97, 10=0.73, 50=0.73, 100=0.546, 1000=0.384, 10000=0.326 (USD)"; VariantName = "[No Variations]"
Add component (AddParameter): Name = "RoHS"; Value = "Yes"; VariantName = "[No Variations]"
Add component (AddParameter): Name = "Stock 1"; Value = "17219"; VariantName = "[No Variations]"
Add component (AddParameter): Name = "Supplier 1"; Value = "Mouser"; VariantName = "[No Variations]"
Add component (AddParameter): Name = "Supplier Part Number 1"; Value = "80-A759EQ475M2AAE160"; VariantName = "[No Variations]"
Added Component: Designator=C72(PCBComponent_1)
Add component (AddParameter): Name = "Created By"; Value = "NourAldin"; VariantName = "[No Variations]"
Add component (AddParameter): Name = "DataSheet Link"; Value = "https://eu.mouser.com/datasheet/2/400/lcc_automotive_general_en-843974.pdf"; VariantName = "[No Variations]"
Add component (AddParameter): Name = "Mouser Link"; Value = "https://eu.mouser.com/ProductDetail/TDK/CGA1A2X7R1H331M030BA?qs=sGAEpiMZZMs0AnBnWHyRQL8L3bkL%252bvtyS9XpSB1mk7rVV5K8%252bbxEeg%3d%3d"; VariantName = "[No Variations]"
Added Component: Designator=C73(CAPLEAD_D6.3mm)
Add component (AddParameter): Name = "Category"; Value = "Polymer Capacitors"; VariantName = "[No Variations]"
Add component (AddParameter): Name = "ComponentLink1Description"; Value = "http://www.kemet.com/docfinder?Partnumber=A759EQ475M2AAAE160&src-supplier=Digikey"; VariantName = "[No Variations]"
Add component (AddParameter): Name = "ComponentLink1URL"; Value = "http://www.kemet.com/docfinder?Partnumber=A759EQ475M2AAAE160&src-supplier=Digikey"; VariantName = "[No Variations]"
Add component (AddParameter): Name = "ComponentLink2Description"; Value = "http://www.farnell.com/datasheets/2095614.pdf?src-supplier=Element14"; VariantName = "[No Variations]"
Add component (AddParameter): Name = "ComponentLink2URL"; Value = "http://www.farnell.com/datasheets/2095614.pdf?src-supplier=Element14"; VariantName = "[No Variations]"
Add component (AddParameter): Name = "Manufacturer"; Value = "KEMET"; VariantName = "[No Variations]"
Add component (AddParameter): Name = "Manufacturer Part Number"; Value = "A759EQ475M2AAAE160"; VariantName = "[No Variations]"
Add component (AddParameter): Name = "Pricing 1"; Value = "1=0.97, 10=0.73, 50=0.73, 100=0.546, 1000=0.384, 10000=0.326 (USD)"; VariantName = "[No Variations]"
Add component (AddParameter): Name = "RoHS"; Value = "Yes"; VariantName = "[No Variations]"
Add component (AddParameter): Name = "Stock 1"; Value = "17219"; VariantName = "[No Variations]"
Add component (AddParameter): Name = "Supplier 1"; Value = "Mouser"; VariantName = "[No Variations]"
Add component (AddParameter): Name = "Supplier Part Number 1"; Value = "80-A759EQ475M2AAE160"; VariantName = "[No Variations]"
Added Pin To Net: NetName=GND Pin=C66-1
Added Pin To Net: NetName=+24V Pin=C66-2
Added Pin To Net: NetName=GND Pin=C67-1
Added Pin To Net: NetName=+24V Pin=C67-2
Added Pin To Net: NetName=GND Pin=C68-1
Added Pin To Net: NetName=+24V Pin=C68-2
Added Pin To Net: NetName=GND Pin=C69-1
Added Pin To Net: NetName=+24V Pin=C69-2
Added Pin To Net: NetName=GND Pin=C70-1
Added Pin To Net: NetName=+24V Pin=C70-2
Added Pin To Net: NetName=GND Pin=C71-1
Added Pin To Net: NetName=+24V Pin=C71-2
Added Pin To Net: NetName=GND Pin=C72-1
Added Pin To Net: NetName=+24V Pin=C72-2
Added Pin To Net: NetName=GND Pin=C73-1
Added Pin To Net: NetName=+24V Pin=C73-2
Added Member To Class: ClassName=Stepper Motor1 Member=Component C66 0.1uF/50V
Added Member To Class: ClassName=Stepper Motor1 Member=Component C67 47uF/50V
Added Member To Class: ClassName=Stepper Motor2 Member=Component C68 0.1uF/50V
Added Member To Class: ClassName=Stepper Motor2 Member=Component C69 47uF/50V
Added Member To Class: ClassName=Stepper Motor3 Member=Component C70 0.1uF/50V
Added Member To Class: ClassName=Stepper Motor3 Member=Component C71 47uF/50V
Added Member To Class: ClassName=Stepper Motor4 Member=Component C72 0.1uF/50V
Added Member To Class: ClassName=Stepper Motor4 Member=Component C73 47uF/50V
Added Room: Name=POWER
Added Room: Name=Stepper Motor1
Added Room: Name=Stepper Motor2
Added Room: Name=Stepper Motor3
Added Room: Name=Stepper Motor4
Added Room: Name=STM
